<?xml version="1.0" encoding="UTF-8"?>
<!-- Generated by org.testng.reporters.JUnitReportReporter -->
<testsuite hostname="MBP-RAM.local" failures="0" tests="1" name="com.ram.InvokeSafariPage" time="38.628" errors="0" timestamp="2022-07-20T10:58:07 AST" skipped="0">
  <testcase classname="com.ram.InvokeSafariPage" name="chromePage" time="38.628"/>
  <system-out/>
</testsuite> <!-- com.ram.InvokeSafariPage -->
