<?xml version="1.0" encoding="UTF-8"?>
<!-- Generated by org.testng.reporters.JUnitReportReporter -->
<testsuite hostname="MBP-RAM.local" failures="0" tests="1" name="com.ram.InvokeFireFoxPage" time="40.597" errors="0" timestamp="2022-07-20T11:04:05 AST" skipped="0">
  <testcase classname="com.ram.InvokeFireFoxPage" name="firfoxPage" time="40.597"/>
  <system-out/>
</testsuite> <!-- com.ram.InvokeFireFoxPage -->
