<?xml version="1.0" encoding="UTF-8"?>
<!-- Generated by org.testng.reporters.JUnitReportReporter -->
<testsuite hostname="MBP-RAM.local" failures="0" tests="1" name="com.ram.NavigatetoaWebsite" time="79.633" errors="0" timestamp="2022-07-20T13:15:29 AST" skipped="0">
  <testcase classname="com.ram.NavigatetoaWebsite" name="chromePage" time="79.633"/>
  <system-out/>
</testsuite> <!-- com.ram.NavigatetoaWebsite -->
