<?xml version="1.0" encoding="UTF-8"?>
<!-- Generated by org.testng.reporters.JUnitReportReporter -->
<testsuite hostname="MBP-RAM.local" failures="0" tests="1" name="com.ram.InvokeChromePage" time="40.619" errors="0" timestamp="2022-07-20T09:25:36 AST" skipped="0">
  <testcase classname="com.ram.InvokeChromePage" name="chromePage" time="40.619"/>
  <system-out/>
</testsuite> <!-- com.ram.InvokeChromePage -->
